[2025-08-31 16:30:26] colae_app.INFO: Usuário logado com sucesso {"user_id":1,"email":"jpcslengman@gmail.com"} []
[2025-08-31 16:32:58] colae_app.INFO: Usuário logado com sucesso {"user_id":1,"email":"jpcslengman@gmail.com"} []
[2025-08-31 16:33:54] colae_app.INFO: Usuário deslogado {"user_id":1} []
[2025-08-31 16:35:16] colae_app.WARNING: Falha na tentativa de login {"email":"tester@email.com","ip":"::1"} []
[2025-08-31 16:35:32] colae_app.INFO: Usuário logado com sucesso {"user_id":19,"email":"tester@email.com"} []
[2025-08-31 17:01:30] colae_app.INFO: Usuário deslogado {"user_id":19} []
[2025-08-31 17:01:35] colae_app.WARNING: Falha na tentativa de login {"email":"tester@email.com","ip":"::1"} []
[2025-08-31 17:01:39] colae_app.INFO: Usuário logado com sucesso {"user_id":19,"email":"tester@email.com"} []
[2025-08-31 17:11:58] colae_app.INFO: CPF adicionado com sucesso. {"user_id":19} []
[2025-08-31 17:29:41] colae_app.INFO: Usuário deslogado {"user_id":19} []
[2025-08-31 17:29:46] colae_app.INFO: Usuário logado com sucesso {"user_id":19,"email":"tester@email.com"} []
[2025-08-31 17:29:51] colae_app.INFO: CPF adicionado com sucesso. {"user_id":19} []
[2025-08-31 17:32:12] colae_app.INFO: Usuário deslogado {"user_id":19} []
[2025-08-31 17:32:27] colae_app.INFO: Usuário logado com sucesso {"user_id":19,"email":"tester@email.com"} []
[2025-08-31 17:32:32] colae_app.INFO: CPF adicionado com sucesso. {"user_id":19} []
[2025-08-31 17:33:35] colae_app.INFO: CPF adicionado com sucesso. {"user_id":19} []
[2025-08-31 17:33:43] colae_app.INFO: CPF adicionado com sucesso. {"user_id":19} []
[2025-08-31 17:34:04] colae_app.INFO: Usuário logado com sucesso {"user_id":1,"email":"jpcslengman@gmail.com"} []
[2025-08-31 17:35:27] colae_app.INFO: Usuário deslogado {"user_id":1} []
[2025-08-31 17:35:38] colae_app.INFO: Usuário logado com sucesso {"user_id":19,"email":"tester@email.com"} []
[2025-08-31 17:35:42] colae_app.INFO: CPF adicionado com sucesso. {"user_id":19} []
[2025-08-31 17:38:37] colae_app.CRITICAL: openssl_decrypt falhou. O dado pode estar corrompido ou a chave/IV estão incorretos. [] []
[2025-08-31 17:38:37] colae_app.CRITICAL: openssl_decrypt falhou. O dado pode estar corrompido ou a chave/IV estão incorretos. [] []
[2025-08-31 17:38:56] colae_app.INFO: CPF adicionado com sucesso. {"user_id":19} []
[2025-08-31 17:39:52] colae_app.INFO: Usuário deslogado {"user_id":19} []
[2025-08-31 17:43:50] colae_app.WARNING: Falha na tentativa de login {"email":"joaoteste123@email.com","ip":"::1"} []
[2025-08-31 17:45:06] colae_app.INFO: Usuário logado com sucesso {"user_id":25,"email":"joaoteste123@email.com"} []
[2025-08-31 17:47:15] colae_app.INFO: CPF adicionado com sucesso. {"user_id":25} []
[2025-08-31 17:52:18] colae_app.INFO: Usuário deslogado {"user_id":25} []
[2025-08-31 17:52:28] colae_app.INFO: Solicitação de redefinição de senha para usuário {"user_id":1,"email":"jpcslengman@gmail.com"} []
[2025-08-31 17:52:29] colae_app.INFO: Solicitação de redefinição de senha para usuário {"user_id":1,"email":"jpcslengman@gmail.com"} []
[2025-08-31 17:52:30] colae_app.ERROR: Falha ao enviar e-mail de redefinição de senha {"email":"jpcslengman@gmail.com","error_message":"SMTP Error: Could not authenticate."} []
[2025-08-31 17:52:31] colae_app.ERROR: Falha ao enviar e-mail de redefinição de senha {"email":"jpcslengman@gmail.com","error_message":"SMTP Error: Could not authenticate."} []
[2025-08-31 17:53:03] colae_app.INFO: Usuário logado com sucesso {"user_id":1,"email":"jpcslengman@gmail.com"} []
[2025-08-31 19:20:36] colae_app.INFO: Usuário logado com sucesso {"user_id":1,"email":"jpcslengman@gmail.com"} []
[2025-08-31 19:20:50] colae_app.WARNING: Falha na tentativa de login {"email":null,"ip":"::1"} []
[2025-08-31 19:21:46] colae_app.INFO: Usuário logado com sucesso {"user_id":1,"email":"jpcslengman@gmail.com"} []
[2025-08-31 19:22:09] colae_app.WARNING: Falha na tentativa de login {"user_id":null,"email":null} []
[2025-08-31 19:22:20] colae_app.WARNING: Falha na tentativa de login {"user_id":null,"email":null} []
[2025-08-31 19:23:32] colae_app.WARNING: Falha na tentativa de login {"user_id":24,"email":"aaa@email.com"} []
[2025-08-31 19:23:37] colae_app.WARNING: Falha na tentativa de login {"user_id":24,"email":"aaa@email.com"} []
[2025-08-31 19:23:47] colae_app.WARNING: Falha na tentativa de login {"user_id":24,"email":"aaa@email.com"} []
[2025-08-31 19:23:53] colae_app.WARNING: Falha na tentativa de login {"user_id":null,"email":null} []
[2025-08-31 19:24:13] colae_app.WARNING: Falha na tentativa de login {"user_id":null,"email":null} []
[2025-08-31 19:24:17] colae_app.WARNING: Falha na tentativa de login {"user_id":null,"email":null} []
[2025-08-31 19:24:31] colae_app.INFO: Usuário logado com sucesso {"user_id":25,"email":"joaoteste123@email.com"} []
[2025-08-31 20:14:41] colae_app.WARNING: Falha na tentativa de login {"user_id":1,"email":"jpcslengman@gmail.com"} []
[2025-08-31 20:14:45] colae_app.WARNING: Falha na tentativa de login {"user_id":1,"email":"jpcslengman@gmail.com"} []
[2025-08-31 20:14:55] colae_app.INFO: Usuário logado com sucesso {"user_id":25,"email":"joaoteste123@email.com"} []
[2025-09-01 02:53:06] colae_app.INFO: Usuário logado com sucesso {"user_id":1,"email":"jpcslengman@gmail.com"} []
[2025-09-01 02:55:27] colae_app.INFO: Usuário deslogado {"user_id":1} []
[2025-09-01 02:55:33] colae_app.INFO: Usuário logado com sucesso {"user_id":19,"email":"tester@email.com"} []
[2025-09-01 02:55:43] colae_app.INFO: CPF adicionado com sucesso. {"user_id":19} []
