[2025-08-13 00:01:23] SECURITY: Tentativa de acesso não autorizado: /colae/public/403.php
[2025-08-13 00:01:33] SECURITY: Tentativa de acesso não autorizado: /colae/public/403.php
[2025-08-13 00:10:05] INFO: Modalidade 'aaa' cadastrada por admin ID: 6
[2025-08-13 00:10:22] INFO: Modalidade 'Tenis de mesa' cadastrada por admin ID: 6
[2025-08-13 00:12:08] INFO: Modalidade 'Tenis de mesa' cadastrada por admin ID: 6
[2025-08-13 00:16:00] INFO: Modalidade 'Tenis de mesa' cadastrada por admin ID: 6
[2025-08-13 00:17:05] INFO: Modalidade 'Tenis de mesa' cadastrada por admin ID: 6
[2025-08-13 00:17:14] INFO: Modalidade 'Futebol' cadastrada por admin ID: 6
[2025-08-13 00:20:17] INFO: Modalidade 'Basquete' cadastrada por admin ID: 6
[2025-08-13 00:20:40] SECURITY: Tentativa de acesso não autorizado: /colae/public/403.php
[2025-08-13 00:20:49] SECURITY: Tentativa de acesso não autorizado: /colae/public/403.php
[2025-08-13 00:33:14] SECURITY: Tentativa de acesso não autorizado ao dashboard
[2025-08-13 00:33:36] SECURITY: Tentativa de acesso não autorizado ao dashboard
[2025-08-13 00:33:56] SECURITY: Tentativa de acesso não autorizado ao dashboard
[2025-08-13 00:33:59] SECURITY: Tentativa de acesso não autorizado ao dashboard
[2025-08-13 00:52:25] SECURITY: Tentativa de acesso não autorizado: /colae/public/403.php
[2025-08-13 00:52:48] SECURITY: Tentativa de acesso não autorizado: /colae/public/403.php
[2025-08-13 00:53:43] SECURITY: Tentativa de acesso não autorizado: /colae/public/403.php
[2025-08-13 00:54:04] SECURITY: Tentativa de acesso não autorizado: /colae/public/403.php
[2025-08-13 00:54:33] SECURITY: Tentativa de acesso não autorizado: /colae/public/403.php
